<?xml version="1.0" encoding="UTF-8"?>
<testsuite xmlns:xsi="http://www.w3.org/2001/XMLSchema-instance" xsi:noNamespaceSchemaLocation="https://maven.apache.org/surefire/maven-surefire-plugin/xsd/surefire-test-report-3.0.xsd" version="3.0" name="TestSuite" time="32.382" tests="2" errors="0" skipped="0" failures="1">
  <properties>
[...]
</properties>
  <testcase name="failedLoginTest" classname="com.beesion.qa.LoginTests" time="5.341">
    <system-out><![CDATA[[TestNGContentHandler] [WARN] It is strongly recommended to add "<!DOCTYPE suite SYSTEM "https://testng.org/testng-1.0.dtd" >" at the top of the suite file [/Users/dameneses/Documents/GitHub/beesionTest/LoginTest/src/test/resources/testSuites/loginTests.xml] otherwise TestNG may fail or not work as expected.
Testing failed login to xoom's website
Retrieving web elements: username, password and login button
Typing username
Typing password
Logging in
]]></system-out>
    <system-err><![CDATA[Starting ChromeDriver 90.0.4430.24 (4c6d850f087da467d926e8eddb76550aed655991-refs/branch-heads/4430@{#429}) on port 46119
Only local connections are allowed.
Please see h[t1t62p1s0:4/4/4c7h4r.o3m6e2d]r[iWvAeRr.NchIrNoGm]i:u mF.roormgS/oscekAcdudrri ftyai-cloends iodne rnaettimoanssk 
f[o1r6 2s1u0g4g4e4s7t4i.o3n6s2 ]o[nW AkReNeIpNiGn]g:  CFhrroommSeoDcrkiAvdedrr  sfaailefe.
dC hon netmask
romeDriver was started successfully.
May 14, 2021 8:07:56 PM org.openqa.selenium.remote.ProtocolHandshake createSession
INFO: Detected dialect: W3C
]]></system-err>
  </testcase>
  <testcase name="loginTest" classname="com.beesion.qa.LoginTests" time="5.33">
    <failure message="Actual Url is not the same as expected Url. expected [https://www.xoom.com/myaccount] but found [https://www.xoom.com/sign-in-xoom]" type="java.lang.AssertionError"><![CDATA[java.lang.AssertionError: Actual Url is not the same as expected Url. expected [https://www.xoom.com/myaccount] but found [https://www.xoom.com/sign-in-xoom]
	at com.beesion.qa.LoginTests.loginTest(LoginTests.java:60)
]]></failure>
    <system-out><![CDATA[Starting Cleanup
Closing browser
Testing login to xoom's website
Retrieving web elements: username, password and login button
Typing username
Typing password
Logging in
]]></system-out>
    <system-err><![CDATA[Starting ChromeDriver 90.0.4430.24 (4c6d850f087da467d926e8eddb76550aed655991-refs/branch-heads/4430@{#429}) on port 37887
Only local connections are allowed.
Please see https://chromedriver.chromium.org/security-considerations for suggestions on keeping ChromeDriver safe.
[1621044489.635][WARNING]: FromSockAddr failed on netmask
[1621044489.635][WARNING]: FromSockAddr failed on netmask
ChromeDriver was started successfully.
May 14, 2021 8:08:11 PM org.openqa.selenium.remote.ProtocolHandshake createSession
INFO: Detected dialect: W3C
]]></system-err>
  </testcase>
</testsuite>