<?xml version="1.0" encoding="UTF-8"?>
<!-- Generated by org.testng.reporters.JUnitXMLReporter -->
<testsuite ignored="0" hostname="LM-GUA-42000097" failures="1" tests="2" name="Login Tests" time="30.724" errors="0" timestamp="2021-05-14T20:08:24 CST">
  <testcase classname="com.beesion.qa.LoginTests" name="failedLoginTest" time="5.35"/>
  <testcase classname="com.beesion.qa.LoginTests" name="loginTest" time="5.331">
    <failure type="java.lang.AssertionError" message="Actual Url is not the same as expected Url. expected [https://www.xoom.com/myaccount] but found [https://www.xoom.com/sign-in-xoom]">
      <![CDATA[java.lang.AssertionError: Actual Url is not the same as expected Url. expected [https://www.xoom.com/myaccount] but found [https://www.xoom.com/sign-in-xoom]
at com.beesion.qa.LoginTests.loginTest(LoginTests.java:60)
at java.base/java.util.ArrayList.forEach(ArrayList.java:1540)
... Removed 36 stack frames]]>
    </failure>
  </testcase> <!-- loginTest -->
</testsuite> <!-- Login Tests -->
